============================= test session starts ==============================
platform linux -- Python 3.8.12, pytest-6.2.4, py-1.10.0, pluggy-0.13.1
rootdir: /dfs6/pub/lilyw7/pydev/psiresp, configfile: pyproject.toml
plugins: qcfractal-0.15.6, requests-mock-1.9.3
collected 7 items

test_configs.py .......                                                  [100%]

=============================== warnings summary ===============================
../../../../../../../data/homezvol0/lilyw7/miniconda3/envs/psiresp-3.8/lib/python3.8/site-packages/past/builtins/misc.py:45
  /data/homezvol0/lilyw7/miniconda3/envs/psiresp-3.8/lib/python3.8/site-packages/past/builtins/misc.py:45: DeprecationWarning: the imp module is deprecated in favour of importlib; see the module's documentation for alternative uses
    from imp import reload

psiresp/tests/test_configs.py: 20 warnings
  /data/homezvol0/lilyw7/miniconda3/envs/psiresp-3.8/lib/python3.8/site-packages/qcelemental/models/results.py:735: DeprecationWarning: ResultProtocols has been renamed to AtomicResultProtocols and will be removed in v0.13.0
    warn(

psiresp/tests/test_configs.py: 20 warnings
  /data/homezvol0/lilyw7/miniconda3/envs/psiresp-3.8/lib/python3.8/site-packages/qcelemental/models/results.py:724: DeprecationWarning: ResultProperties has been renamed to AtomicResultProperties and will be removed in v0.13.0
    warn(

psiresp/tests/test_configs.py::test_config_resp[EspA1-/dfs6/pub/lilyw7/pydev/psiresp/psiresp/tests/data/charges/dmso_c1_o2_espA1.dat]
psiresp/tests/test_configs.py::test_config_resp[RespA1-/dfs6/pub/lilyw7/pydev/psiresp/psiresp/tests/data/charges/dmso_c1_o2_respA1.dat]
psiresp/tests/test_configs.py::test_config_resp[RespA2-/dfs6/pub/lilyw7/pydev/psiresp/psiresp/tests/data/charges/dmso_c1_o2_respA2.dat]
psiresp/tests/test_configs.py::test_config_multiresp[EspA1-/dfs6/pub/lilyw7/pydev/psiresp/psiresp/tests/data/charges/amm_dimethyl_espA1.dat]
psiresp/tests/test_configs.py::test_config_multiresp[RespA2-/dfs6/pub/lilyw7/pydev/psiresp/psiresp/tests/data/charges/amm_dimethyl_respA2.dat]
psiresp/tests/test_configs.py::test_config_multiresp[RespA1-/dfs6/pub/lilyw7/pydev/psiresp/psiresp/tests/data/charges/amm_dimethyl_respA1.dat]
psiresp/tests/test_configs.py::test_resp2
psiresp/tests/test_configs.py::test_resp2
  /data/homezvol0/lilyw7/miniconda3/envs/psiresp-3.8/lib/python3.8/site-packages/numpy/matrixlib/defmatrix.py:1109: PendingDeprecationWarning: the matrix subclass is not the recommended way to represent matrices or deal with linear algebra (see https://docs.scipy.org/doc/numpy/user/numpy-for-matlab-users.html). Please adjust your code to use regular ndarray.
    return matrix(concatenate(arr_rows, axis=0))

psiresp/tests/test_configs.py: 32 warnings
  /data/homezvol0/lilyw7/miniconda3/envs/psiresp-3.8/lib/python3.8/site-packages/urllib3/connectionpool.py:1013: InsecureRequestWarning: Unverified HTTPS request is being made to host 'hpc3-l18-05'. Adding certificate verification is strongly advised. See: https://urllib3.readthedocs.io/en/1.26.x/advanced-usage.html#ssl-warnings
    warnings.warn(

-- Docs: https://docs.pytest.org/en/stable/warnings.html
================== 7 passed, 81 warnings in 148.42s (0:02:28) ==================
