============================= test session starts ==============================
platform linux -- Python 3.8.12, pytest-6.2.4, py-1.10.0, pluggy-0.13.1
rootdir: /dfs6/pub/lilyw7/pydev/psiresp, configfile: pyproject.toml
plugins: qcfractal-0.15.6, requests-mock-1.9.3
collected 27 items

test_moleculebase.py ..                                                  [  7%]
test_molecule.py ....                                                    [ 22%]
test_grid.py ......xxx                                                   [ 55%]
test_orientation.py ..                                                   [ 62%]
test_psi4utils.py ...xxx                                                 [ 85%]
test_qm.py ..                                                            [ 92%]
test_rdutils.py ..                                                       [100%]

=============================== warnings summary ===============================
../../../../../../../data/homezvol0/lilyw7/miniconda3/envs/psiresp-3.8/lib/python3.8/site-packages/past/builtins/misc.py:45
  /data/homezvol0/lilyw7/miniconda3/envs/psiresp-3.8/lib/python3.8/site-packages/past/builtins/misc.py:45: DeprecationWarning: the imp module is deprecated in favour of importlib; see the module's documentation for alternative uses
    from imp import reload

psiresp/tests/test_grid.py::test_generate_connolly_spheres[radii0-0.0-n_points0]
  /dfs6/pub/lilyw7/pydev/psiresp/psiresp/grid.py:102: RuntimeWarning: invalid value encountered in true_divide
    vertical_angles = rows * np.pi / n_longitude_points

psiresp/tests/test_orientation.py: 3 warnings
psiresp/tests/test_psi4utils.py: 39 warnings
psiresp/tests/test_qm.py: 12 warnings
  /data/homezvol0/lilyw7/miniconda3/envs/psiresp-3.8/lib/python3.8/site-packages/qcelemental/models/results.py:735: DeprecationWarning: ResultProtocols has been renamed to AtomicResultProtocols and will be removed in v0.13.0
    warn(

psiresp/tests/test_orientation.py: 3 warnings
psiresp/tests/test_psi4utils.py: 39 warnings
psiresp/tests/test_qm.py: 6 warnings
  /data/homezvol0/lilyw7/miniconda3/envs/psiresp-3.8/lib/python3.8/site-packages/qcelemental/models/results.py:724: DeprecationWarning: ResultProperties has been renamed to AtomicResultProperties and will be removed in v0.13.0
    warn(

psiresp/tests/test_orientation.py: 4 warnings
psiresp/tests/test_psi4utils.py: 42 warnings
  /data/homezvol0/lilyw7/miniconda3/envs/psiresp-3.8/lib/python3.8/site-packages/urllib3/connectionpool.py:1013: InsecureRequestWarning: Unverified HTTPS request is being made to host 'hpc3-l18-05'. Adding certificate verification is strongly advised. See: https://urllib3.readthedocs.io/en/1.26.x/advanced-usage.html#ssl-warnings
    warnings.warn(

-- Docs: https://docs.pytest.org/en/stable/warnings.html
============ 21 passed, 6 xfailed, 150 warnings in 80.60s (0:01:20) ============
============================= test session starts ==============================
platform linux -- Python 3.8.12, pytest-6.2.4, py-1.10.0, pluggy-0.13.1
rootdir: /dfs6/pub/lilyw7/pydev/psiresp, configfile: pyproject.toml
plugins: qcfractal-0.15.6, requests-mock-1.9.3
collected 27 items

test_moleculebase.py ..                                                  [  7%]
test_molecule.py .